PLUGIN: <module 'src.modules.demo_data_explorer.ui' from 'D:\\github\\webos\\src\\modules\\demo_data_explorer\\ui.py'> (has_register_ui=False)
PLUGIN: <module 'src.modules.admin.hooks' from 'D:\\github\\webos\\src\\modules\\admin\\hooks.py'> (has_register_ui=True)
PLUGIN: <src.core.module_loader.AutoDiscoveryPlugin object at 0x00000288E7770890> (has_register_ui=False)
PLUGIN: <src.core.module_loader.AutoDiscoveryPlugin object at 0x0000028889DF9190> (has_register_ui=False)
PLUGIN: <src.core.module_loader.AutoDiscoveryPlugin object at 0x000002888A5241D0> (has_register_ui=False)
PLUGIN: <src.core.module_loader.AutoDiscoveryPlugin object at 0x000002888DA649D0> (has_register_ui=False)
PLUGIN: <src.core.module_loader.AutoDiscoveryPlugin object at 0x000002888DA64A90> (has_register_ui=False)
PLUGIN: <module 'src.modules.demo_dashboard.hooks' from 'D:\\github\\webos\\src\\modules\\demo_dashboard\\hooks.py'> (has_register_ui=True)
PLUGIN: <src.core.module_loader.AutoDiscoveryPlugin object at 0x0000028889E51B10> (has_register_ui=False)
PLUGIN: <module 'src.modules.admin.ui' from 'D:\\github\\webos\\src\\modules\\admin\\ui.py'> (has_register_ui=False)
PLUGIN: <module 'src.modules.file_commander.ui' from 'D:\\github\\webos\\src\\modules\\file_commander\\ui.py'> (has_register_ui=True)
PLUGIN: <module 'src.modules.auth_ui.ui' from 'D:\\github\\webos\\src\\modules\\auth_ui\\ui.py'> (has_register_ui=False)
PLUGIN: <module 'src.modules.demo_dashboard.ui' from 'D:\\github\\webos\\src\\modules\\demo_dashboard\\ui.py'> (has_register_ui=True)
PLUGIN: <module 'src.modules.vault.ui' from 'D:\\github\\webos\\src\\modules\\vault\\ui.py'> (has_register_ui=True)
PLUGIN: <module 'src.modules.demo_report.ui' from 'D:\\github\\webos\\src\\modules\\demo_report\\ui.py'> (has_register_ui=True)
PLUGIN: <src.core.module_loader.AutoDiscoveryPlugin object at 0x000002888DA59E90> (has_register_ui=False)
PLUGIN: <module 'src.modules.demo_report.hooks' from 'D:\\github\\webos\\src\\modules\\demo_report\\hooks.py'> (has_register_ui=False)
PLUGIN: <src.core.module_loader.AutoDiscoveryPlugin object at 0x000002888DA5BED0> (has_register_ui=False)
PLUGIN: <src.core.module_loader.AutoDiscoveryPlugin object at 0x000002888DA836D0> (has_register_ui=False)
PLUGIN: <src.modules.vault.hooks.VaultHooks object at 0x000002888DA9C6D0> (has_register_ui=False)
PLUGIN: <src.core.module_loader.AutoDiscoveryPlugin object at 0x000002888AC57F10> (has_register_ui=False)
PLUGIN: <src.modules.demo_data_explorer.hooks.DemoDataExplorerHooks object at 0x000002888DA3E750> (has_register_ui=True)
PLUGIN: <src.core.module_loader.AutoDiscoveryPlugin object at 0x000002888AC57F90> (has_register_ui=False)
PLUGIN: <module 'src.modules.blogger.ui' from 'D:\\github\\webos\\src\\modules\\blogger\\ui.py'> (has_register_ui=True)
