[2026-02-17 14:26:52,549][taskiq.worker][INFO   ][MainProcess] Pid of a main process: 5264
[2026-02-17 14:26:52,550][taskiq.worker][INFO   ][MainProcess] Starting 2 worker processes.
[2026-02-17 14:26:52,565][taskiq.process-manager][INFO   ][MainProcess] Started process worker-0 with pid 22644 
[2026-02-17 14:26:52,576][taskiq.process-manager][INFO   ][MainProcess] Started process worker-1 with pid 18548 
[32m2026-02-17 14:26:55.060[0m | [1mINFO    [0m | [36msrc.core.tasks[0m:[36mstartup[0m:[36m20[0m - [1mTaskIQ Worker starting up...[0m
[32m2026-02-17 14:26:55.075[0m | [1mINFO    [0m | [36msrc.core.tasks[0m:[36mstartup[0m:[36m20[0m - [1mTaskIQ Worker starting up...[0m
[32m2026-02-17 14:26:55.944[0m | [1mINFO    [0m | [36msrc.core.module_loader[0m:[36mdiscover_and_load[0m:[36m71[0m - [1mDiscovering modules in src.modules[0m
[32m2026-02-17 14:26:55.945[0m | [1mINFO    [0m | [36msrc.core.module_loader[0m:[36mdiscover_and_load[0m:[36m71[0m - [1mDiscovering modules in src.modules[0m
[32m2026-02-17 14:26:55.952[0m | [34m[1mDEBUG   [0m | [36msrc.core.module_loader[0m:[36m_load_module[0m:[36m91[0m - [34m[1mLoading module: src.modules.demo_dashboard[0m
[32m2026-02-17 14:26:55.952[0m | [34m[1mDEBUG   [0m | [36msrc.core.module_loader[0m:[36m_load_module[0m:[36m91[0m - [34m[1mLoading module: src.modules.demo_dashboard[0m
[32m2026-02-17 14:26:57.202[0m | [34m[1mDEBUG   [0m | [36msrc.core.module_loader[0m:[36m_load_module[0m:[36m98[0m - [34m[1mRegistered hooks for src.modules.demo_dashboard[0m
[32m2026-02-17 14:26:57.202[0m | [34m[1mDEBUG   [0m | [36msrc.core.module_loader[0m:[36m_load_module[0m:[36m98[0m - [34m[1mRegistered hooks for src.modules.demo_dashboard[0m
[32m2026-02-17 14:26:57.206[0m | [34m[1mDEBUG   [0m | [36msrc.core.module_loader[0m:[36m_load_module[0m:[36m110[0m - [34m[1mAuto-registered UI hooks for src.modules.demo_dashboard[0m
[32m2026-02-17 14:26:57.206[0m | [34m[1mDEBUG   [0m | [36msrc.core.module_loader[0m:[36m_load_module[0m:[36m110[0m - [34m[1mAuto-registered UI hooks for src.modules.demo_dashboard[0m
[32m2026-02-17 14:26:57.206[0m | [1mINFO    [0m | [36msrc.core.module_loader[0m:[36m_load_module[0m:[36m115[0m - [1mModule src.modules.demo_dashboard loaded successfully[0m
[32m2026-02-17 14:26:57.206[0m | [1mINFO    [0m | [36msrc.core.module_loader[0m:[36m_load_module[0m:[36m115[0m - [1mModule src.modules.demo_dashboard loaded successfully[0m
[32m2026-02-17 14:26:57.208[0m | [34m[1mDEBUG   [0m | [36msrc.core.module_loader[0m:[36m_load_module[0m:[36m91[0m - [34m[1mLoading module: src.modules.demo_hello_world[0m
[32m2026-02-17 14:26:57.208[0m | [34m[1mDEBUG   [0m | [36msrc.core.module_loader[0m:[36m_load_module[0m:[36m91[0m - [34m[1mLoading module: src.modules.demo_hello_world[0m
[32m2026-02-17 14:26:57.211[0m | [1mINFO    [0m | [36msrc.core.module_loader[0m:[36m_load_module[0m:[36m115[0m - [1mModule src.modules.demo_hello_world loaded successfully[0m
[32m2026-02-17 14:26:57.211[0m | [1mINFO    [0m | [36msrc.core.module_loader[0m:[36m_load_module[0m:[36m115[0m - [1mModule src.modules.demo_hello_world loaded successfully[0m
[32m2026-02-17 14:26:57.213[0m | [34m[1mDEBUG   [0m | [36msrc.core.module_loader[0m:[36m_load_module[0m:[36m91[0m - [34m[1mLoading module: src.modules.storage[0m
[32m2026-02-17 14:26:57.213[0m | [34m[1mDEBUG   [0m | [36msrc.core.module_loader[0m:[36m_load_module[0m:[36m91[0m - [34m[1mLoading module: src.modules.storage[0m
[32m2026-02-17 14:26:57.911[0m | [34m[1mDEBUG   [0m | [36msrc.core.module_loader[0m:[36m_load_module[0m:[36m98[0m - [34m[1mRegistered hooks for src.modules.storage[0m
[32m2026-02-17 14:26:57.912[0m | [1mINFO    [0m | [36msrc.core.module_loader[0m:[36m_load_module[0m:[36m115[0m - [1mModule src.modules.storage loaded successfully[0m
[32m2026-02-17 14:26:57.917[0m | [1mINFO    [0m | [36msrc.core.database[0m:[36minit_db[0m:[36m12[0m - [1mConnecting to MongoDB at mongodb://127.0.0.1:27017[0m
[32m2026-02-17 14:26:57.935[0m | [34m[1mDEBUG   [0m | [36msrc.core.module_loader[0m:[36m_load_module[0m:[36m98[0m - [34m[1mRegistered hooks for src.modules.storage[0m
[32m2026-02-17 14:26:57.936[0m | [1mINFO    [0m | [36msrc.core.module_loader[0m:[36m_load_module[0m:[36m115[0m - [1mModule src.modules.storage loaded successfully[0m
[32m2026-02-17 14:26:57.940[0m | [1mINFO    [0m | [36msrc.core.database[0m:[36minit_db[0m:[36m12[0m - [1mConnecting to MongoDB at mongodb://127.0.0.1:27017[0m
[32m2026-02-17 14:26:57.976[0m | [1mINFO    [0m | [36msrc.core.database[0m:[36minit_db[0m:[36m19[0m - [1mBeanie initialized successfully[0m
[32m2026-02-17 14:26:57.977[0m | [1mINFO    [0m | [36msrc.core.tasks[0m:[36mstartup[0m:[36m29[0m - [1mWorker DB connection initialized.[0m
[2026-02-17 14:26:57,977][taskiq.receiver.receiver][INFO   ][worker-1] Listening started.
[32m2026-02-17 14:26:57.983[0m | [1mINFO    [0m | [36msrc.core.database[0m:[36minit_db[0m:[36m19[0m - [1mBeanie initialized successfully[0m
[32m2026-02-17 14:26:57.984[0m | [1mINFO    [0m | [36msrc.core.tasks[0m:[36mstartup[0m:[36m29[0m - [1mWorker DB connection initialized.[0m
[2026-02-17 14:26:57,984][taskiq.receiver.receiver][INFO   ][worker-0] Listening started.
